This is pdfTeX, Version 3.141592653-2.6-1.40.27 (MiKTeX 25.2) (preloaded format=pdflatex 2025.2.26)  11 NOV 2025 15:57
entering extended mode
 restricted \write18 enabled.
 %&-line parsing enabled.
**./Ataskaita.tex
(Ataskaita.tex
LaTeX2e <2024-11-01> patch level 2
L3 programming layer <2025-01-18>
(C:\Users\adria\AppData\Local\Programs\MiKTeX\tex/latex/base\article.cls
Document Class: article 2024/06/29 v1.4n Standard LaTeX document class
(C:\Users\adria\AppData\Local\Programs\MiKTeX\tex/latex/base\size10.clo
File: size10.clo 2024/06/29 v1.4n Standard LaTeX file (size option)
)
\c@part=\count196
\c@section=\count197
\c@subsection=\count198
\c@subsubsection=\count199
\c@paragraph=\count266
\c@subparagraph=\count267
\c@figure=\count268
\c@table=\count269
\abovecaptionskip=\skip49
\belowcaptionskip=\skip50
\bibindent=\dimen141
)
(C:\Users\adria\AppData\Local\Programs\MiKTeX\tex/latex/base\inputenc.sty
Package: inputenc 2024/02/08 v1.3d Input encoding file
\inpenc@prehook=\toks17
\inpenc@posthook=\toks18
)
(C:\Users\adria\AppData\Local\Programs\MiKTeX\tex/latex/base\fontenc.sty
Package: fontenc 2021/04/29 v2.0v Standard LaTeX package
)
(C:\Users\adria\AppData\Local\Programs\MiKTeX\tex/latex/lm\lmodern.sty
Package: lmodern 2015/05/01 v1.6.1 Latin Modern Fonts
LaTeX Font Info:    Overwriting symbol font `operators' in version `normal'
(Font)                  OT1/cmr/m/n --> OT1/lmr/m/n on input line 22.
LaTeX Font Info:    Overwriting symbol font `letters' in version `normal'
(Font)                  OML/cmm/m/it --> OML/lmm/m/it on input line 23.
LaTeX Font Info:    Overwriting symbol font `symbols' in version `normal'
(Font)                  OMS/cmsy/m/n --> OMS/lmsy/m/n on input line 24.
LaTeX Font Info:    Overwriting symbol font `largesymbols' in version `normal'
(Font)                  OMX/cmex/m/n --> OMX/lmex/m/n on input line 25.
LaTeX Font Info:    Overwriting symbol font `operators' in version `bold'
(Font)                  OT1/cmr/bx/n --> OT1/lmr/bx/n on input line 26.
LaTeX Font Info:    Overwriting symbol font `letters' in version `bold'
(Font)                  OML/cmm/b/it --> OML/lmm/b/it on input line 27.
LaTeX Font Info:    Overwriting symbol font `symbols' in version `bold'
(Font)                  OMS/cmsy/b/n --> OMS/lmsy/b/n on input line 28.
LaTeX Font Info:    Overwriting symbol font `largesymbols' in version `bold'
(Font)                  OMX/cmex/m/n --> OMX/lmex/m/n on input line 29.
LaTeX Font Info:    Overwriting math alphabet `\mathbf' in version `normal'
(Font)                  OT1/cmr/bx/n --> OT1/lmr/bx/n on input line 31.
LaTeX Font Info:    Overwriting math alphabet `\mathsf' in version `normal'
(Font)                  OT1/cmss/m/n --> OT1/lmss/m/n on input line 32.
LaTeX Font Info:    Overwriting math alphabet `\mathit' in version `normal'
(Font)                  OT1/cmr/m/it --> OT1/lmr/m/it on input line 33.
LaTeX Font Info:    Overwriting math alphabet `\mathtt' in version `normal'
(Font)                  OT1/cmtt/m/n --> OT1/lmtt/m/n on input line 34.
LaTeX Font Info:    Overwriting math alphabet `\mathbf' in version `bold'
(Font)                  OT1/cmr/bx/n --> OT1/lmr/bx/n on input line 35.
LaTeX Font Info:    Overwriting math alphabet `\mathsf' in version `bold'
(Font)                  OT1/cmss/bx/n --> OT1/lmss/bx/n on input line 36.
LaTeX Font Info:    Overwriting math alphabet `\mathit' in version `bold'
(Font)                  OT1/cmr/bx/it --> OT1/lmr/bx/it on input line 37.
LaTeX Font Info:    Overwriting math alphabet `\mathtt' in version `bold'
(Font)                  OT1/cmtt/m/n --> OT1/lmtt/m/n on input line 38.
)
(C:\Users\adria\AppData\Local\Programs\MiKTeX\tex/latex/amsmath\amsmath.sty
Package: amsmath 2024/11/05 v2.17t AMS math features
\@mathmargin=\skip51

For additional information on amsmath, use the `?' option.
(C:\Users\adria\AppData\Local\Programs\MiKTeX\tex/latex/amsmath\amstext.sty
Package: amstext 2021/08/26 v2.01 AMS text

(C:\Users\adria\AppData\Local\Programs\MiKTeX\tex/latex/amsmath\amsgen.sty
File: amsgen.sty 1999/11/30 v2.0 generic functions
\@emptytoks=\toks19
\ex@=\dimen142
))
(C:\Users\adria\AppData\Local\Programs\MiKTeX\tex/latex/amsmath\amsbsy.sty
Package: amsbsy 1999/11/29 v1.2d Bold Symbols
\pmbraise@=\dimen143
)
(C:\Users\adria\AppData\Local\Programs\MiKTeX\tex/latex/amsmath\amsopn.sty
Package: amsopn 2022/04/08 v2.04 operator names
)
\inf@bad=\count270
LaTeX Info: Redefining \frac on input line 233.
\uproot@=\count271
\leftroot@=\count272
LaTeX Info: Redefining \overline on input line 398.
LaTeX Info: Redefining \colon on input line 409.
\classnum@=\count273
\DOTSCASE@=\count274
LaTeX Info: Redefining \ldots on input line 495.
LaTeX Info: Redefining \dots on input line 498.
LaTeX Info: Redefining \cdots on input line 619.
\Mathstrutbox@=\box52
\strutbox@=\box53
LaTeX Info: Redefining \big on input line 721.
LaTeX Info: Redefining \Big on input line 722.
LaTeX Info: Redefining \bigg on input line 723.
LaTeX Info: Redefining \Bigg on input line 724.
\big@size=\dimen144
LaTeX Font Info:    Redeclaring font encoding OML on input line 742.
LaTeX Font Info:    Redeclaring font encoding OMS on input line 743.
\macc@depth=\count275
LaTeX Info: Redefining \bmod on input line 904.
LaTeX Info: Redefining \pmod on input line 909.
LaTeX Info: Redefining \smash on input line 939.
LaTeX Info: Redefining \relbar on input line 969.
LaTeX Info: Redefining \Relbar on input line 970.
\c@MaxMatrixCols=\count276
\dotsspace@=\muskip17
\c@parentequation=\count277
\dspbrk@lvl=\count278
\tag@help=\toks20
\row@=\count279
\column@=\count280
\maxfields@=\count281
\andhelp@=\toks21
\eqnshift@=\dimen145
\alignsep@=\dimen146
\tagshift@=\dimen147
\tagwidth@=\dimen148
\totwidth@=\dimen149
\lineht@=\dimen150
\@envbody=\toks22
\multlinegap=\skip52
\multlinetaggap=\skip53
\mathdisplay@stack=\toks23
LaTeX Info: Redefining \[ on input line 2953.
LaTeX Info: Redefining \] on input line 2954.
)
(C:\Users\adria\AppData\Local\Programs\MiKTeX\tex/latex/amsfonts\amssymb.sty
Package: amssymb 2013/01/14 v3.01 AMS font symbols

(C:\Users\adria\AppData\Local\Programs\MiKTeX\tex/latex/amsfonts\amsfonts.sty
Package: amsfonts 2013/01/14 v3.01 Basic AMSFonts support
\symAMSa=\mathgroup4
\symAMSb=\mathgroup5
LaTeX Font Info:    Redeclaring math symbol \hbar on input line 98.
LaTeX Font Info:    Overwriting math alphabet `\mathfrak' in version `bold'
(Font)                  U/euf/m/n --> U/euf/b/n on input line 106.
)) (C:\Users\adria\AppData\Local\Programs\MiKTeX\tex/latex/graphics\graphicx.st
y
Package: graphicx 2021/09/16 v1.2d Enhanced LaTeX Graphics (DPC,SPQR)

(C:\Users\adria\AppData\Local\Programs\MiKTeX\tex/latex/graphics\keyval.sty
Package: keyval 2022/05/29 v1.15 key=value parser (DPC)
\KV@toks@=\toks24
)
(C:\Users\adria\AppData\Local\Programs\MiKTeX\tex/latex/graphics\graphics.sty
Package: graphics 2024/08/06 v1.4g Standard LaTeX Graphics (DPC,SPQR)

(C:\Users\adria\AppData\Local\Programs\MiKTeX\tex/latex/graphics\trig.sty
Package: trig 2023/12/02 v1.11 sin cos tan (DPC)
)
(C:\Users\adria\AppData\Local\Programs\MiKTeX\tex/latex/graphics-cfg\graphics.c
fg
File: graphics.cfg 2016/06/04 v1.11 sample graphics configuration
)
Package graphics Info: Driver file: pdftex.def on input line 106.

(C:\Users\adria\AppData\Local\Programs\MiKTeX\tex/latex/graphics-def\pdftex.def
File: pdftex.def 2024/04/13 v1.2c Graphics/color driver for pdftex
))
\Gin@req@height=\dimen151
\Gin@req@width=\dimen152
) (C:\Users\adria\AppData\Local\Programs\MiKTeX\tex/latex/float\float.sty
Package: float 2001/11/08 v1.3d Float enhancements (AL)
\c@float@type=\count282
\float@exts=\toks25
\float@box=\box54
\@float@everytoks=\toks26
\@floatcapt=\box55
)
(C:\Users\adria\AppData\Local\Programs\MiKTeX\tex/latex/tools\array.sty
Package: array 2024/10/17 v2.6g Tabular extension package (FMi)
\col@sep=\dimen153
\ar@mcellbox=\box56
\extrarowheight=\dimen154
\NC@list=\toks27
\extratabsurround=\skip54
\backup@length=\skip55
\ar@cellbox=\box57
)
(C:\Users\adria\AppData\Local\Programs\MiKTeX\tex/latex/booktabs\booktabs.sty
Package: booktabs 2020/01/12 v1.61803398 Publication quality tables
\heavyrulewidth=\dimen155
\lightrulewidth=\dimen156
\cmidrulewidth=\dimen157
\belowrulesep=\dimen158
\belowbottomsep=\dimen159
\aboverulesep=\dimen160
\abovetopsep=\dimen161
\cmidrulesep=\dimen162
\cmidrulekern=\dimen163
\defaultaddspace=\dimen164
\@cmidla=\count283
\@cmidlb=\count284
\@aboverulesep=\dimen165
\@belowrulesep=\dimen166
\@thisruleclass=\count285
\@lastruleclass=\count286
\@thisrulewidth=\dimen167
)
LaTeX Font Info:    Trying to load font information for T1+lmr on input line 16
.

(C:\Users\adria\AppData\Local\Programs\MiKTeX\tex/latex/lm\t1lmr.fd
File: t1lmr.fd 2015/05/01 v1.6.1 Font defs for Latin Modern
)
(C:\Users\adria\AppData\Local\Programs\MiKTeX\tex/latex/l3backend\l3backend-pdf
tex.def
File: l3backend-pdftex.def 2024-05-08 L3 backend support: PDF output (pdfTeX)
\l__color_backend_stack_int=\count287
\l__pdf_internal_box=\box58
) (Ataskaita.aux)
\openout1 = `Ataskaita.aux'.

LaTeX Font Info:    Checking defaults for OML/cmm/m/it on input line 16.
LaTeX Font Info:    ... okay on input line 16.
LaTeX Font Info:    Checking defaults for OMS/cmsy/m/n on input line 16.
LaTeX Font Info:    ... okay on input line 16.
LaTeX Font Info:    Checking defaults for OT1/cmr/m/n on input line 16.
LaTeX Font Info:    ... okay on input line 16.
LaTeX Font Info:    Checking defaults for T1/cmr/m/n on input line 16.
LaTeX Font Info:    ... okay on input line 16.
LaTeX Font Info:    Checking defaults for TS1/cmr/m/n on input line 16.
LaTeX Font Info:    ... okay on input line 16.
LaTeX Font Info:    Checking defaults for OMX/cmex/m/n on input line 16.
LaTeX Font Info:    ... okay on input line 16.
LaTeX Font Info:    Checking defaults for U/cmr/m/n on input line 16.
LaTeX Font Info:    ... okay on input line 16.

(C:\Users\adria\AppData\Local\Programs\MiKTeX\tex/context/base/mkii\supp-pdf.mk
ii
[Loading MPS to PDF converter (version 2006.09.02).]
\scratchcounter=\count288
\scratchdimen=\dimen168
\scratchbox=\box59
\nofMPsegments=\count289
\nofMParguments=\count290
\everyMPshowfont=\toks28
\MPscratchCnt=\count291
\MPscratchDim=\dimen169
\MPnumerator=\count292
\makeMPintoPDFobject=\count293
\everyMPtoPDFconversion=\toks29
)
(C:\Users\adria\AppData\Local\Programs\MiKTeX\tex/latex/epstopdf-pkg\epstopdf-b
ase.sty
Package: epstopdf-base 2020-01-24 v2.11 Base part for package epstopdf
Package epstopdf-base Info: Redefining graphics rule for `.eps' on input line 4
85.

(C:\Users\adria\AppData\Local\Programs\MiKTeX\tex/latex/00miktex\epstopdf-sys.c
fg
File: epstopdf-sys.cfg 2021/03/18 v2.0 Configuration of epstopdf for MiKTeX
))
LaTeX Font Info:    Trying to load font information for OT1+lmr on input line 1
8.
 (C:\Users\adria\AppData\Local\Programs\MiKTeX\tex/latex/lm\ot1lmr.fd
File: ot1lmr.fd 2015/05/01 v1.6.1 Font defs for Latin Modern
)
LaTeX Font Info:    Trying to load font information for OML+lmm on input line 1
8.

(C:\Users\adria\AppData\Local\Programs\MiKTeX\tex/latex/lm\omllmm.fd
File: omllmm.fd 2015/05/01 v1.6.1 Font defs for Latin Modern
)
LaTeX Font Info:    Trying to load font information for OMS+lmsy on input line 
18.

(C:\Users\adria\AppData\Local\Programs\MiKTeX\tex/latex/lm\omslmsy.fd
File: omslmsy.fd 2015/05/01 v1.6.1 Font defs for Latin Modern
)
LaTeX Font Info:    Trying to load font information for OMX+lmex on input line 
18.

(C:\Users\adria\AppData\Local\Programs\MiKTeX\tex/latex/lm\omxlmex.fd
File: omxlmex.fd 2015/05/01 v1.6.1 Font defs for Latin Modern
)
LaTeX Font Info:    External font `lmex10' loaded for size
(Font)              <12> on input line 18.
LaTeX Font Info:    External font `lmex10' loaded for size
(Font)              <8> on input line 18.
LaTeX Font Info:    External font `lmex10' loaded for size
(Font)              <6> on input line 18.
LaTeX Font Info:    Trying to load font information for U+msa on input line 18.


(C:\Users\adria\AppData\Local\Programs\MiKTeX\tex/latex/amsfonts\umsa.fd
File: umsa.fd 2013/01/14 v3.01 AMS symbols A
)
LaTeX Font Info:    Trying to load font information for U+msb on input line 18.


(C:\Users\adria\AppData\Local\Programs\MiKTeX\tex/latex/amsfonts\umsb.fd
File: umsb.fd 2013/01/14 v3.01 AMS symbols B
)
Overfull \hbox (7.0507pt too wide) in paragraph at lines 22--23
\T1/lmr/m/n/10 Atstumo funkcija ap-skai£i-uota taikant \T1/lmr/m/it/10 Eu-k-lid
o at-s-tumo \T1/lmr/m/n/10 for-mul¦ tarp normalizuot[]
 []

LaTeX Font Info:    External font `lmex10' loaded for size
(Font)              <10> on input line 26.
LaTeX Font Info:    External font `lmex10' loaded for size
(Font)              <7> on input line 26.
LaTeX Font Info:    External font `lmex10' loaded for size
(Font)              <5> on input line 26.
LaTeX Font Info:    Trying to load font information for TS1+lmr on input line 3
4.
(C:\Users\adria\AppData\Local\Programs\MiKTeX\tex/latex/lm\ts1lmr.fd
File: ts1lmr.fd 2015/05/01 v1.6.1 Font defs for Latin Modern
)
Overfull \hbox (1.54176pt too wide) in paragraph at lines 54--68
 [][] 
 []



[1

{C:/Users/adria/AppData/Local/MiKTeX/fonts/map/pdftex/pdftex.map}{C:/Users/adri
a/AppData/Local/Programs/MiKTeX/fonts/enc/dvips/lm/lm-ec.enc}{C:/Users/adria/Ap
pData/Local/Programs/MiKTeX/fonts/enc/dvips/lm/lm-mathit.enc}{C:/Users/adria/Ap
pData/Local/Programs/MiKTeX/fonts/enc/dvips/lm/lm-rm.enc}{C:/Users/adria/AppDat
a/Local/Programs/MiKTeX/fonts/enc/dvips/lm/lm-mathex.enc}{C:/Users/adria/AppDat
a/Local/Programs/MiKTeX/fonts/enc/dvips/lm/lm-ts1.enc}{C:/Users/adria/AppData/L
ocal/Programs/MiKTeX/fonts/enc/dvips/lm/lm-mathsy.enc}]
LaTeX Font Info:    External font `lmex10' loaded for size
(Font)              <9> on input line 79.

Overfull \hbox (2.07707pt too wide) in paragraph at lines 126--139
 [][] 
 []



[2]
<codon_tree.png, id=24, 1646.15pt x 904.37875pt>
File: codon_tree.png Graphic file (type png)
<use codon_tree.png>
Package pdftex.def Info: codon_tree.png  used on input line 161.
(pdftex.def)             Requested size: 413.99895pt x 227.4465pt.

Overfull \hbox (68.99895pt too wide) in paragraph at lines 161--162
 [][] 
 []



[3]
<dicodon_tree.png, id=28, 531.9875pt x 903.375pt>
File: dicodon_tree.png Graphic file (type png)
<use dicodon_tree.png>
Package pdftex.def Info: dicodon_tree.png  used on input line 169.
(pdftex.def)             Requested size: 276.00105pt x 468.69632pt.


[4 <./codon_tree.png>]
LaTeX Font Info:    Trying to load font information for T1+lmtt on input line 1
80.

(C:\Users\adria\AppData\Local\Programs\MiKTeX\tex/latex/lm\t1lmtt.fd
File: t1lmtt.fd 2015/05/01 v1.6.1 Font defs for Latin Modern
)
Overfull \hbox (64.49881pt too wide) in paragraph at lines 183--183
[]\T1/lmtt/m/n/10 (M1:0.2662,(B3:0.1994,(B1:0.1687,(B4:0.3729,M3:0.2990):0.0401
):0.0937):0.0479,[] 
 []



[5 <./dicodon_tree.png>]
Overfull \hbox (59.24883pt too wide) in paragraph at lines 200--200
[]\T1/lmtt/m/n/10 B1    0.000000 0.062391 0.046181 0.058174 0.057651 0.070446 0
.050778 0.089810[] 
 []


Overfull \hbox (59.24883pt too wide) in paragraph at lines 200--200
[]\T1/lmtt/m/n/10 B2    0.062391 0.000000 0.056091 0.086822 0.057988 0.036709 0
.079426 0.056073[] 
 []


Overfull \hbox (59.24883pt too wide) in paragraph at lines 200--200
[]\T1/lmtt/m/n/10 B3    0.046181 0.056091 0.000000 0.070613 0.051352 0.064147 0
.063217 0.083511[] 
 []


Overfull \hbox (59.24883pt too wide) in paragraph at lines 200--200
[]\T1/lmtt/m/n/10 B4    0.058174 0.086822 0.070613 0.000000 0.082083 0.094878 0
.067192 0.114242[] 
 []


Overfull \hbox (59.24883pt too wide) in paragraph at lines 200--200
[]\T1/lmtt/m/n/10 M1    0.057651 0.057988 0.051352 0.082083 0.000000 0.066043 0
.074687 0.085407[] 
 []


Overfull \hbox (59.24883pt too wide) in paragraph at lines 200--200
[]\T1/lmtt/m/n/10 M2    0.070446 0.036709 0.064147 0.094878 0.066043 0.000000 0
.087482 0.041510[] 
 []


Overfull \hbox (59.24883pt too wide) in paragraph at lines 200--200
[]\T1/lmtt/m/n/10 M3    0.050778 0.079426 0.063217 0.067192 0.074687 0.087482 0
.000000 0.106846[] 
 []


Overfull \hbox (59.24883pt too wide) in paragraph at lines 200--200
[]\T1/lmtt/m/n/10 M4    0.089810 0.056073 0.083511 0.114242 0.085407 0.041510 0
.106846 0.000000[] 
 []


Overfull \hbox (4.62794pt too wide) in paragraph at lines 205--206
[]\T1/lmr/m/n/10 Average ab-so-lute dif-fer-ence $[][] \OMS/lmsy/m/n/10 j\OML/l
mm/m/it/10 Dij \OMS/lmsy/m/n/10 ^^@ \OML/lmm/m/it/10 ADij\OMS/lmsy/m/n/10 j\OML
/lmm/m/it/10 =\OT1/lmr/m/n/10 (\OML/lmm/m/it/10 n\OT1/lmr/m/n/10 (\OML/lmm/m/it
/10 n \OMS/lmsy/m/n/10 ^^@ \OT1/lmr/m/n/10 1)\OML/lmm/m/it/10 =\OT1/lmr/m/n/10 
2) = 0\OML/lmm/m/it/10 :\OT1/lmr/m/n/10 0028781161$ 
 []


Overfull \hbox (64.49881pt too wide) in paragraph at lines 232--232
[]\T1/lmtt/m/n/10 (M1:0.9825,(B3:0.8475,(B1:0.8395,(B4:1.3523,M3:1.0172):0.0858
):0.1091):0.0638,[] 
 []



[6]
Overfull \hbox (59.24883pt too wide) in paragraph at lines 249--249
[]\T1/lmtt/m/n/10 B1    0.000000 0.020138 0.017960 0.022775 0.019948 0.020036 0
.019424 0.023119[] 
 []


Overfull \hbox (59.24883pt too wide) in paragraph at lines 249--249
[]\T1/lmtt/m/n/10 B2    0.020138 0.000000 0.019128 0.026124 0.019840 0.015908 0
.022773 0.018991[] 
 []


Overfull \hbox (59.24883pt too wide) in paragraph at lines 249--249
[]\T1/lmtt/m/n/10 B3    0.017960 0.019128 0.000000 0.023946 0.018937 0.019026 0
.020595 0.022109[] 
 []


Overfull \hbox (59.24883pt too wide) in paragraph at lines 249--249
[]\T1/lmtt/m/n/10 B4    0.022775 0.026124 0.023946 0.000000 0.025933 0.026022 0
.023695 0.029105[] 
 []


Overfull \hbox (59.24883pt too wide) in paragraph at lines 249--249
[]\T1/lmtt/m/n/10 M1    0.019948 0.019840 0.018937 0.025933 0.000000 0.019738 0
.022583 0.022821[] 
 []


Overfull \hbox (59.24883pt too wide) in paragraph at lines 249--249
[]\T1/lmtt/m/n/10 M2    0.020036 0.015908 0.019026 0.026022 0.019738 0.000000 0
.022671 0.016502[] 
 []


Overfull \hbox (59.24883pt too wide) in paragraph at lines 249--249
[]\T1/lmtt/m/n/10 M3    0.019424 0.022773 0.020595 0.023695 0.022583 0.022671 0
.000000 0.025754[] 
 []


Overfull \hbox (59.24883pt too wide) in paragraph at lines 249--249
[]\T1/lmtt/m/n/10 M4    0.023119 0.018991 0.022109 0.029105 0.022821 0.016502 0
.025754 0.000000[] 
 []


Overfull \hbox (4.62794pt too wide) in paragraph at lines 254--255
[]\T1/lmr/m/n/10 Average ab-so-lute dif-fer-ence $[][] \OMS/lmsy/m/n/10 j\OML/l
mm/m/it/10 Dij \OMS/lmsy/m/n/10 ^^@ \OML/lmm/m/it/10 ADij\OMS/lmsy/m/n/10 j\OML
/lmm/m/it/10 =\OT1/lmr/m/n/10 (\OML/lmm/m/it/10 n\OT1/lmr/m/n/10 (\OML/lmm/m/it
/10 n \OMS/lmsy/m/n/10 ^^@ \OT1/lmr/m/n/10 1)\OML/lmm/m/it/10 =\OT1/lmr/m/n/10 
2) = 0\OML/lmm/m/it/10 :\OT1/lmr/m/n/10 0004192914$ 
 []



[7]
Overfull \hbox (21.69594pt too wide) in paragraph at lines 291--292
[]\T1/lmr/m/n/10 M2(adenovirus) - M4(herpesvirus) (at-s-tu-mas: 0.0415 kodon[],
 0.0165 dikodon[]) 
 []


Overfull \hbox (49.22227pt too wide) in paragraph at lines 296--297
[]\T1/lmr/m/n/10 Stipriausias klas-teris: B1(Lactococcus_phage) - B3(NC_028697.
1) - B4(KC821626.1)
 []


Overfull \hbox (6.4716pt too wide) in paragraph at lines 306--307
[]\T1/lmr/m/n/10 Abiejuose medºi-u-ose yra ar-times-nis bak-terini-ams virusams
 B4(KC821626.1) 
 []


Overfull \hbox (3.58298pt too wide) in paragraph at lines 331--332
[]\T1/lmr/m/n/10 B4(KC821626.1) virusas nuo-lat pasirodo tolim-i-au-siose poros
e, ro-dant didºi-
 []



[8] (Ataskaita.aux)
 ***********
LaTeX2e <2024-11-01> patch level 2
L3 programming layer <2025-01-18>
 ***********
 ) 
Here is how much of TeX's memory you used:
 3286 strings out of 473523
 49271 string characters out of 5714630
 449547 words of memory out of 5000000
 26446 multiletter control sequences out of 15000+600000
 624110 words of font info for 86 fonts, out of 8000000 for 9000
 1141 hyphenation exceptions out of 8191
 57i,13n,65p,232b,281s stack positions out of 10000i,1000n,20000p,200000b,200000s
<C:/Users/adria/AppData/Local/Programs/MiKTeX/fonts/type1/public/lm/lmbx10.pf
b><C:/Users/adria/AppData/Local/Programs/MiKTeX/fonts/type1/public/lm/lmbx12.pf
b><C:/Users/adria/AppData/Local/Programs/MiKTeX/fonts/type1/public/lm/lmbx9.pfb
><C:/Users/adria/AppData/Local/Programs/MiKTeX/fonts/type1/public/lm/lmbxi10.pf
b><C:/Users/adria/AppData/Local/Programs/MiKTeX/fonts/type1/public/lm/lmex10.pf
b><C:/Users/adria/AppData/Local/Programs/MiKTeX/fonts/type1/public/lm/lmmi10.pf
b><C:/Users/adria/AppData/Local/Programs/MiKTeX/fonts/type1/public/lm/lmmi7.pfb
><C:/Users/adria/AppData/Local/Programs/MiKTeX/fonts/type1/public/lm/lmr10.pfb>
<C:/Users/adria/AppData/Local/Programs/MiKTeX/fonts/type1/public/lm/lmr12.pfb><
C:/Users/adria/AppData/Local/Programs/MiKTeX/fonts/type1/public/lm/lmr17.pfb><C
:/Users/adria/AppData/Local/Programs/MiKTeX/fonts/type1/public/lm/lmr7.pfb><C:/
Users/adria/AppData/Local/Programs/MiKTeX/fonts/type1/public/lm/lmr9.pfb><C:/Us
ers/adria/AppData/Local/Programs/MiKTeX/fonts/type1/public/lm/lmri10.pfb><C:/Us
ers/adria/AppData/Local/Programs/MiKTeX/fonts/type1/public/lm/lmsy10.pfb><C:/Us
ers/adria/AppData/Local/Programs/MiKTeX/fonts/type1/public/lm/lmtt10.pfb>
Output written on Ataskaita.pdf (8 pages, 328737 bytes).
PDF statistics:
 120 PDF objects out of 1000 (max. 8388607)
 0 named destinations out of 1000 (max. 500000)
 11 words of extra memory for PDF output out of 10000 (max. 10000000)

